<?xml version="1.0" encoding="UTF-8"?>
<testng-results skipped="0" failed="0" ignored="0" total="8" passed="8">
  <reporter-output>
  </reporter-output>
  <suite name="Default suite" duration-ms="5943" started-at="2018-07-25T18:05:02Z" finished-at="2018-07-25T18:05:08Z">
    <groups>
    </groups>
    <test name="Default test" duration-ms="5943" started-at="2018-07-25T18:05:02Z" finished-at="2018-07-25T18:05:08Z">
      <class name="TestSuite.Tests">
        <test-method status="PASS" signature="ValidateOwnerLoginFromResponse()[pri:0, instance:TestSuite.Tests@6767c1fc]" name="ValidateOwnerLoginFromResponse" duration-ms="2141" started-at="2018-07-25T18:05:02Z" finished-at="2018-07-25T18:05:04Z">
          <reporter-output>
          </reporter-output>
        </test-method> <!-- ValidateOwnerLoginFromResponse -->
        <test-method status="PASS" signature="ValidateRepoFullName()[pri:0, instance:TestSuite.Tests@6767c1fc]" name="ValidateRepoFullName" duration-ms="513" started-at="2018-07-25T18:05:04Z" finished-at="2018-07-25T18:05:04Z">
          <reporter-output>
          </reporter-output>
        </test-method> <!-- ValidateRepoFullName -->
        <test-method status="PASS" signature="ValidateRepoName()[pri:0, instance:TestSuite.Tests@6767c1fc]" name="ValidateRepoName" duration-ms="481" started-at="2018-07-25T18:05:04Z" finished-at="2018-07-25T18:05:05Z">
          <reporter-output>
          </reporter-output>
        </test-method> <!-- ValidateRepoName -->
        <test-method status="PASS" signature="ValidateResponseContentType()[pri:0, instance:TestSuite.Tests@6767c1fc]" name="ValidateResponseContentType" duration-ms="665" started-at="2018-07-25T18:05:05Z" finished-at="2018-07-25T18:05:06Z">
          <reporter-output>
          </reporter-output>
        </test-method> <!-- ValidateResponseContentType -->
        <test-method status="PASS" signature="ValidateResponseDateHeaderFormat()[pri:0, instance:TestSuite.Tests@6767c1fc]" name="ValidateResponseDateHeaderFormat" duration-ms="512" started-at="2018-07-25T18:05:06Z" finished-at="2018-07-25T18:05:06Z">
          <reporter-output>
          </reporter-output>
        </test-method> <!-- ValidateResponseDateHeaderFormat -->
        <test-method status="PASS" signature="ValidateResponseStatusCode()[pri:0, instance:TestSuite.Tests@6767c1fc]" name="ValidateResponseStatusCode" duration-ms="486" started-at="2018-07-25T18:05:06Z" finished-at="2018-07-25T18:05:07Z">
          <reporter-output>
          </reporter-output>
        </test-method> <!-- ValidateResponseStatusCode -->
        <test-method status="PASS" signature="ValidateResponseURLField()[pri:0, instance:TestSuite.Tests@6767c1fc]" name="ValidateResponseURLField" duration-ms="492" started-at="2018-07-25T18:05:07Z" finished-at="2018-07-25T18:05:07Z">
          <reporter-output>
          </reporter-output>
        </test-method> <!-- ValidateResponseURLField -->
        <test-method status="PASS" signature="ValidateTimeStampsFormatUnderResponse()[pri:0, instance:TestSuite.Tests@6767c1fc]" name="ValidateTimeStampsFormatUnderResponse" duration-ms="621" started-at="2018-07-25T18:05:07Z" finished-at="2018-07-25T18:05:08Z">
          <reporter-output>
          </reporter-output>
        </test-method> <!-- ValidateTimeStampsFormatUnderResponse -->
      </class> <!-- TestSuite.Tests -->
    </test> <!-- Default test -->
  </suite> <!-- Default suite -->
</testng-results>
