<?xml version="1.0" encoding="UTF-8"?>
<!-- Generated by org.testng.reporters.JUnitXMLReporter -->
<testsuite hostname="vgmb.lan" ignored="0" name="Default test" tests="8" failures="0" timestamp="25 Jul 2018 18:05:08 GMT" time="5.943" errors="0">
  <testcase name="ValidateOwnerLoginFromResponse" time="2.141" classname="TestSuite.Tests"/>
  <testcase name="ValidateRepoFullName" time="0.513" classname="TestSuite.Tests"/>
  <testcase name="ValidateRepoName" time="0.481" classname="TestSuite.Tests"/>
  <testcase name="ValidateResponseContentType" time="0.665" classname="TestSuite.Tests"/>
  <testcase name="ValidateResponseDateHeaderFormat" time="0.512" classname="TestSuite.Tests"/>
  <testcase name="ValidateResponseStatusCode" time="0.486" classname="TestSuite.Tests"/>
  <testcase name="ValidateResponseURLField" time="0.492" classname="TestSuite.Tests"/>
  <testcase name="ValidateTimeStampsFormatUnderResponse" time="0.621" classname="TestSuite.Tests"/>
</testsuite> <!-- Default test -->
